\BOOKMARK [0][-]{chapter.1}{Brief\040History\040of\040Thermodynamics}{}% 1
\BOOKMARK [0][-]{chapter.2}{Principles\040of\040Thermodynamics}{}% 2
\BOOKMARK [1][-]{section.2.1}{Lavoisier’s Principle}{chapter.2}% 3
\BOOKMARK [1][-]{section.2.2}{First\040Law\040of\040Thermodynamics}{chapter.2}% 4
\BOOKMARK [1][-]{section.2.3}{Gibbs:\040Internal\040Energy,\040Phase\040Rule,\040and\040Multivariable\040Functions}{chapter.2}% 5
\BOOKMARK [2][-]{subsection.2.3.1}{State\040Variables}{section.2.3}% 6
\BOOKMARK [2][-]{subsection.2.3.2}{Internal\040Energy}{section.2.3}% 7
\BOOKMARK [2][-]{subsection.2.3.3}{Gibbs\040Phase\040Rule}{section.2.3}% 8
\BOOKMARK [2][-]{subsection.2.3.4}{First\040Law\040in\040terms\040of\040state\040variables}{section.2.3}% 9
\BOOKMARK [2][-]{subsection.2.3.5}{Second\040and\040Third\040Laws\040of\040Thermodynamics}{section.2.3}% 10
\BOOKMARK [1][-]{section.2.4}{Second\040Law\040of\040Thermodynamics\040-\040Clausius\040Statement}{chapter.2}% 11
\BOOKMARK [2][-]{subsection.2.4.1}{Simple\040Systems}{section.2.4}% 12
\BOOKMARK [2][-]{subsection.2.4.2}{Composite\040Systems}{section.2.4}% 13
\BOOKMARK [2][-]{subsection.2.4.3}{Increase\040of\040Entropy\040in\040the\040Universe}{section.2.4}% 14
\BOOKMARK [1][-]{section.2.5}{Open\040Systems}{chapter.2}% 15
\BOOKMARK [2][-]{subsection.2.5.1}{Mass\040Balance}{section.2.5}% 16
\BOOKMARK [2][-]{subsection.2.5.2}{Momentum\040Balance}{section.2.5}% 17
\BOOKMARK [2][-]{subsection.2.5.3}{Angular\040Momentum\040Balance}{section.2.5}% 18
\BOOKMARK [2][-]{subsection.2.5.4}{Total\040Energy\040Balance}{section.2.5}% 19
\BOOKMARK [0][-]{chapter.3}{Thermodynamics\040potentials}{}% 20
\BOOKMARK [0][-]{chapter.4}{Coefficienti\040termodinamici}{}% 21
\BOOKMARK [0][-]{chapter.5}{Stati\040della\040materia\040e\040modelli}{}% 22
\BOOKMARK [1][-]{section.5.1}{Gas\040ideali}{chapter.5}% 23
\BOOKMARK [0][-]{chapter.6}{Trasformazioni\040termodinamiche}{}% 24
\BOOKMARK [0][-]{chapter.7}{Cicli\040termodinamici\040e\040macchine\040termiche}{}% 25
\BOOKMARK [0][-]{chapter.8}{Meccanismi\040di\040trasmissione\040del\040calore}{}% 26
\BOOKMARK [0][-]{section*.3}{Proof\040Index}{}% 27
